[35m[Appium][39m Welcome to Appium v1.22.3
[35m[Appium][39m Non-default server args:
[35m[Appium][39m   port: 57951
[35m[Appium][39m   loglevel: info
[35m[Appium][39m   tmpDir: C:\Users\billb\AppData\Local\Temp\\Katalon\Appium\Temp1697686040048
[35m[Appium][39m   chromedriverPort: 57952
[35m[Appium][39m Deprecated server args:
[35m[Appium][39m   [31m--chromedriver-port[39m => --default-capabilities
[35m[Appium][39m Default capabilities, which will be added to each request unless overridden by desired capabilities:
[35m[Appium][39m   chromedriverPort: 57952
[35m[Appium][39m Appium REST http interface listener started on 0.0.0.0:57951
[35m[HTTP][39m [37m-->[39m [37mGET[39m [37m/wd/hub/status[39m
[35m[HTTP][39m [90m{}[39m
[35m[HTTP][39m [37m<-- GET /wd/hub/status [39m[32m200[39m [90m9 ms - 68[39m
[35m[HTTP][39m [90m[39m
[35m[HTTP][39m [37m-->[39m [37mGET[39m [37m/wd/hub/status[39m
[35m[HTTP][39m [90m{}[39m
[35m[HTTP][39m [37m<-- GET /wd/hub/status [39m[32m200[39m [90m1 ms - 68[39m
[35m[HTTP][39m [90m[39m
[35m[HTTP][39m [37m-->[39m [37mPOST[39m [37m/wd/hub/session[39m
[35m[HTTP][39m [90m{"desiredCapabilities":{"appPackage":"com.android.settings","deviceId":"","deviceName":"samsung SM-A045F (Android 13)","platform":"ANDROID","appActivity":".Settings","newCommandTimeout":1800,"platformVersion":"13","automationName":"uiautomator2","autoGrantPermissions":true,"platformName":"Android","udid":"R9CTA04SR1F","systemPort":8206},"capabilities":{"firstMatch":[{"appium:appActivity":".Settings","appium:appPackage":"com.android.settings","appium:autoGrantPermissions":true,"appium:automationName":"uiautomator2","deviceId":"","appium:deviceName":"samsung SM-A045F (Android 13)","appium:newCommandTimeout":1800,"platform":"ANDROID","platformName":"android","appium:platformVersion":"13","appium:systemPort":8206,"appium:udid":"R9CTA04SR1F"}]}}[39m
[35m[BaseDriver][39m The following capabilities are not standard capabilities and should have an extension prefix:
[35m[BaseDriver][39m   deviceId
[35m[BaseDriver][39m   platform
[35m[BaseDriver][39m   chromedriverPort
[35m[Appium][39m Appium v1.22.3 creating new AndroidUiautomator2Driver (v1.70.1) session
[35m[BaseDriver][39m The following capabilities were provided, but are not recognized by Appium:
[35m[BaseDriver][39m   deviceId
[35m[BaseDriver][39m   platform
[35m[BaseDriver][39m Session created with session id: ad6687eb-b17c-48b7-b0e2-b0d932894924
[35m[UiAutomator2][39m Starting 'com.android.settings' directly on the device
[35m[ADB][39m Found 1 'build-tools' folders under 'C:\Users\billb\.katalon\tools\android_sdk' (newest first):
[35m[ADB][39m     C:/Users/billb/.katalon/tools/android_sdk/build-tools/29.0.3
[35m[ADB][39m Using 'adb.exe' from 'C:\Users\billb\.katalon\tools\android_sdk\platform-tools\adb.exe'
[35m[AndroidDriver][39m Retrieving device list
[35m[AndroidDriver][39m Using device: R9CTA04SR1F
[35m[ADB][39m Using 'adb.exe' from 'C:\Users\billb\.katalon\tools\android_sdk\platform-tools\adb.exe'
[35m[ADB][39m Getting device platform version
[35m[UiAutomator2][39m Relaxing hidden api policy
[35m[AndroidDriver][39m No app sent in, not parsing package/activity
[35m[ADB][39m Using 'apksigner.jar' from 'C:\Users\billb\.katalon\tools\android_sdk\build-tools\29.0.3\lib\apksigner.jar'
[35m[ADB][39m 'C:\Users\billb\AppData\Roaming\npm\node_modules\appium\node_modules\appium-uiautomator2-server\apks\appium-uiautomator2-server-v4.27.0.apk' is signed with the default certificate
[35m[ADB][39m 'C:\Users\billb\AppData\Roaming\npm\node_modules\appium\node_modules\appium-uiautomator2-server\apks\appium-uiautomator2-server-debug-androidTest.apk' is signed with the default certificate
[35m[UiAutomator2][39m Server packages are not going to be (re)installed
[35m[ADB][39m Adding packages ["io.appium.settings","io.appium.uiautomator2.server","io.appium.uiautomator2.server.test"] to Doze whitelist
[35m[UiAutomator2][39m Starting UIAutomator2 server 4.27.0
[35m[UiAutomator2][39m Using UIAutomator2 server from 'C:\Users\billb\AppData\Roaming\npm\node_modules\appium\node_modules\appium-uiautomator2-server\apks\appium-uiautomator2-server-v4.27.0.apk' and test from 'C:\Users\billb\AppData\Roaming\npm\node_modules\appium\node_modules\appium-uiautomator2-server\apks\appium-uiautomator2-server-debug-androidTest.apk'
[35m[UiAutomator2][39m Waiting up to 30000ms for UiAutomator2 to be online...
[35m[WD Proxy][39m socket hang up
[35m[WD Proxy][39m socket hang up
[35m[WD Proxy][39m socket hang up
[35m[WD Proxy][39m socket hang up
[35m[WD Proxy][39m Determined the downstream protocol as 'W3C'
[35m[AndroidDriver][39m Screen already unlocked, doing nothing
[35m[UiAutomator2][39m Starting 'com.android.settings/.Settings and waiting for 'com.android.settings/.Settings'
[35m[Appium][39m New AndroidUiautomator2Driver session created successfully, session ad6687eb-b17c-48b7-b0e2-b0d932894924 added to master session list
[35m[HTTP][39m [37m<-- POST /wd/hub/session [39m[32m200[39m [90m12954 ms - 1183[39m
[35m[HTTP][39m [90m[39m
[35m[HTTP][39m [37m-->[39m [37mGET[39m [37m/wd/hub/session/ad6687eb-b17c-48b7-b0e2-b0d932894924[39m
[35m[HTTP][39m [90m{}[39m
[35m[HTTP][39m [37m<-- GET /wd/hub/session/ad6687eb-b17c-48b7-b0e2-b0d932894924 [39m[32m200[39m [90m41 ms - 1137[39m
[35m[HTTP][39m [90m[39m
[35m[HTTP][39m [37m-->[39m [37mGET[39m [37m/wd/hub/session/ad6687eb-b17c-48b7-b0e2-b0d932894924[39m
[35m[HTTP][39m [90m{}[39m
[35m[HTTP][39m [37m<-- GET /wd/hub/session/ad6687eb-b17c-48b7-b0e2-b0d932894924 [39m[32m200[39m [90m32 ms - 1137[39m
[35m[HTTP][39m [90m[39m
[35m[HTTP][39m [37m-->[39m [37mGET[39m [37m/wd/hub/status[39m
[35m[HTTP][39m [90m{}[39m
[35m[HTTP][39m [37m<-- GET /wd/hub/status [39m[32m200[39m [90m1 ms - 68[39m
[35m[HTTP][39m [90m[39m
[35m[HTTP][39m [37m-->[39m [37mPOST[39m [37m/wd/hub/session/ad6687eb-b17c-48b7-b0e2-b0d932894924/timeouts[39m
[35m[HTTP][39m [90m{"implicit":60000}[39m
[35m[HTTP][39m [37m<-- POST /wd/hub/session/ad6687eb-b17c-48b7-b0e2-b0d932894924/timeouts [39m[32m200[39m [90m5 ms - 14[39m
[35m[HTTP][39m [90m[39m
[35m[HTTP][39m [37m-->[39m [37mGET[39m [37m/wd/hub/session/ad6687eb-b17c-48b7-b0e2-b0d932894924/screenshot[39m
[35m[HTTP][39m [90m{}[39m
[35m[HTTP][39m [37m<-- GET /wd/hub/session/ad6687eb-b17c-48b7-b0e2-b0d932894924/screenshot [39m[32m200[39m [90m1163 ms - 127822[39m
[35m[HTTP][39m [90m[39m
[35m[HTTP][39m [37m-->[39m [37mGET[39m [37m/wd/hub/session/ad6687eb-b17c-48b7-b0e2-b0d932894924/window/rect[39m
[35m[HTTP][39m [90m{}[39m
[35m[HTTP][39m [37m<-- GET /wd/hub/session/ad6687eb-b17c-48b7-b0e2-b0d932894924/window/rect [39m[32m200[39m [90m38 ms - 49[39m
[35m[HTTP][39m [90m[39m
[35m[HTTP][39m [37m-->[39m [37mGET[39m [37m/wd/hub/session/ad6687eb-b17c-48b7-b0e2-b0d932894924/appium/device/system_bars[39m
[35m[HTTP][39m [90m{}[39m
[35m[HTTP][39m [37m<-- GET /wd/hub/session/ad6687eb-b17c-48b7-b0e2-b0d932894924/appium/device/system_bars [39m[32m200[39m [90m137 ms - 145[39m
[35m[HTTP][39m [90m[39m
[35m[HTTP][39m [37m-->[39m [37mPOST[39m [37m/wd/hub/session/ad6687eb-b17c-48b7-b0e2-b0d932894924/appium/device/activate_app[39m
[35m[HTTP][39m [90m{"bundleId":"com.makerindo.bitanic"}[39m
[35m[HTTP][39m [37m<-- POST /wd/hub/session/ad6687eb-b17c-48b7-b0e2-b0d932894924/appium/device/activate_app [39m[32m200[39m [90m965 ms - 14[39m
[35m[HTTP][39m [90m[39m
[35m[HTTP][39m [37m-->[39m [37mGET[39m [37m/wd/hub/session/ad6687eb-b17c-48b7-b0e2-b0d932894924/source[39m
[35m[HTTP][39m [90m{}[39m
[35m[W3C (ad6687eb)][39m Driver proxy active, passing request on via HTTP proxy
[35m[WD Proxy][39m Replacing sessionId b6da4026-d662-4c49-a4d4-0e5eb1df71d9 with ad6687eb-b17c-48b7-b0e2-b0d932894924
[35m[HTTP][39m [37m<-- GET /wd/hub/session/ad6687eb-b17c-48b7-b0e2-b0d932894924/source [39m[32m200[39m [90m517 ms - 13925[39m
[35m[HTTP][39m [90m[39m
[35m[HTTP][39m [37m-->[39m [37mGET[39m [37m/wd/hub/session/ad6687eb-b17c-48b7-b0e2-b0d932894924/screenshot[39m
[35m[HTTP][39m [90m{}[39m
[35m[HTTP][39m [37m<-- GET /wd/hub/session/ad6687eb-b17c-48b7-b0e2-b0d932894924/screenshot [39m[32m200[39m [90m1332 ms - 443574[39m
[35m[HTTP][39m [90m[39m
[35m[HTTP][39m [37m-->[39m [37mGET[39m [37m/wd/hub/session/ad6687eb-b17c-48b7-b0e2-b0d932894924/source[39m
[35m[HTTP][39m [90m{}[39m
[35m[W3C (ad6687eb)][39m Driver proxy active, passing request on via HTTP proxy
[35m[WD Proxy][39m Replacing sessionId b6da4026-d662-4c49-a4d4-0e5eb1df71d9 with ad6687eb-b17c-48b7-b0e2-b0d932894924
[35m[HTTP][39m [37m<-- GET /wd/hub/session/ad6687eb-b17c-48b7-b0e2-b0d932894924/source [39m[32m200[39m [90m133 ms - 4874[39m
[35m[HTTP][39m [90m[39m
[35m[HTTP][39m [37m-->[39m [37mGET[39m [37m/wd/hub/session/ad6687eb-b17c-48b7-b0e2-b0d932894924/screenshot[39m
[35m[HTTP][39m [90m{}[39m
[35m[HTTP][39m [37m<-- GET /wd/hub/session/ad6687eb-b17c-48b7-b0e2-b0d932894924/screenshot [39m[32m200[39m [90m1158 ms - 443612[39m
[35m[HTTP][39m [90m[39m
[35m[HTTP][39m [37m-->[39m [37mPOST[39m [37m/wd/hub/session/ad6687eb-b17c-48b7-b0e2-b0d932894924/elements[39m
[35m[HTTP][39m [90m{"using":"xpath","value":"//*[@class = 'android.view.View' and @resource-id = '' and (@text = '' or . = '')]"}[39m
[35m[HTTP][39m [37m<-- POST /wd/hub/session/ad6687eb-b17c-48b7-b0e2-b0d932894924/elements [39m[32m200[39m [90m1984 ms - 779[39m
[35m[HTTP][39m [90m[39m
[35m[HTTP][39m [37m-->[39m [37mPOST[39m [37m/wd/hub/session/ad6687eb-b17c-48b7-b0e2-b0d932894924/elements[39m
[35m[HTTP][39m [90m{"using":"accessibility id","value":"Get Started"}[39m
[35m[HTTP][39m [37m<-- POST /wd/hub/session/ad6687eb-b17c-48b7-b0e2-b0d932894924/elements [39m[32m200[39m [90m76 ms - 139[39m
[35m[HTTP][39m [90m[39m
[35m[HTTP][39m [37m-->[39m [37mGET[39m [37m/wd/hub/session/ad6687eb-b17c-48b7-b0e2-b0d932894924/window/rect[39m
[35m[HTTP][39m [90m{}[39m
[35m[HTTP][39m [37m<-- GET /wd/hub/session/ad6687eb-b17c-48b7-b0e2-b0d932894924/window/rect [39m[32m200[39m [90m39 ms - 49[39m
[35m[HTTP][39m [90m[39m
[35m[HTTP][39m [37m-->[39m [37mPOST[39m [37m/wd/hub/session/ad6687eb-b17c-48b7-b0e2-b0d932894924/elements[39m
[35m[HTTP][39m [90m{"using":"accessibility id","value":"Get Started"}[39m
[35m[HTTP][39m [37m<-- POST /wd/hub/session/ad6687eb-b17c-48b7-b0e2-b0d932894924/elements [39m[32m200[39m [90m87 ms - 139[39m
[35m[HTTP][39m [90m[39m
[35m[HTTP][39m [37m-->[39m [37mGET[39m [37m/wd/hub/session/ad6687eb-b17c-48b7-b0e2-b0d932894924/element/00000000-0000-006f-0000-000500000003/location[39m
[35m[HTTP][39m [90m{}[39m
[35m[W3C (ad6687eb)][39m Driver proxy active, passing request on via HTTP proxy
[35m[WD Proxy][39m Replacing sessionId b6da4026-d662-4c49-a4d4-0e5eb1df71d9 with ad6687eb-b17c-48b7-b0e2-b0d932894924
[35m[HTTP][39m [37m<-- GET /wd/hub/session/ad6687eb-b17c-48b7-b0e2-b0d932894924/element/00000000-0000-006f-0000-000500000003/location [39m[32m200[39m [90m48 ms - 77[39m
[35m[HTTP][39m [90m[39m
[35m[HTTP][39m [37m-->[39m [37mPOST[39m [37m/wd/hub/session/ad6687eb-b17c-48b7-b0e2-b0d932894924/element/00000000-0000-006f-0000-000500000003/click[39m
[35m[HTTP][39m [90m{"id":"00000000-0000-006f-0000-000500000003"}[39m
[35m[HTTP][39m [37m<-- POST /wd/hub/session/ad6687eb-b17c-48b7-b0e2-b0d932894924/element/00000000-0000-006f-0000-000500000003/click [39m[32m200[39m [90m113 ms - 14[39m
[35m[HTTP][39m [90m[39m
[35m[HTTP][39m [37m-->[39m [37mGET[39m [37m/wd/hub/session/ad6687eb-b17c-48b7-b0e2-b0d932894924/source[39m
[35m[HTTP][39m [90m{}[39m
[35m[W3C (ad6687eb)][39m Driver proxy active, passing request on via HTTP proxy
[35m[WD Proxy][39m Replacing sessionId b6da4026-d662-4c49-a4d4-0e5eb1df71d9 with ad6687eb-b17c-48b7-b0e2-b0d932894924
[35m[HTTP][39m [37m<-- GET /wd/hub/session/ad6687eb-b17c-48b7-b0e2-b0d932894924/source [39m[32m200[39m [90m1285 ms - 22212[39m
[35m[HTTP][39m [90m[39m
[35m[HTTP][39m [37m-->[39m [37mGET[39m [37m/wd/hub/session/ad6687eb-b17c-48b7-b0e2-b0d932894924/screenshot[39m
[35m[HTTP][39m [90m{}[39m
[35m[HTTP][39m [37m<-- GET /wd/hub/session/ad6687eb-b17c-48b7-b0e2-b0d932894924/screenshot [39m[32m200[39m [90m1366 ms - 655374[39m
[35m[HTTP][39m [90m[39m
[35m[HTTP][39m [37m-->[39m [37mPOST[39m [37m/wd/hub/session/ad6687eb-b17c-48b7-b0e2-b0d932894924/elements[39m
[35m[HTTP][39m [90m{"using":"xpath","value":"//*[@class = 'android.view.View' and @resource-id = '' and (@text = '' or . = '')]"}[39m
[35m[HTTP][39m [37m<-- POST /wd/hub/session/ad6687eb-b17c-48b7-b0e2-b0d932894924/elements [39m[32m200[39m [90m910 ms - 4491[39m
[35m[HTTP][39m [90m[39m
[35m[HTTP][39m [37m-->[39m [37mPOST[39m [37m/wd/hub/session/ad6687eb-b17c-48b7-b0e2-b0d932894924/elements[39m
[35m[HTTP][39m [90m{"using":"accessibility id","value":"My Farm"}[39m
[35m[HTTP][39m [37m<-- POST /wd/hub/session/ad6687eb-b17c-48b7-b0e2-b0d932894924/elements [39m[32m200[39m [90m1244 ms - 139[39m
[35m[HTTP][39m [90m[39m
[35m[HTTP][39m [37m-->[39m [37mGET[39m [37m/wd/hub/session/ad6687eb-b17c-48b7-b0e2-b0d932894924/window/rect[39m
[35m[HTTP][39m [90m{}[39m
[35m[HTTP][39m [37m<-- GET /wd/hub/session/ad6687eb-b17c-48b7-b0e2-b0d932894924/window/rect [39m[32m200[39m [90m50 ms - 49[39m
[35m[HTTP][39m [90m[39m
[35m[HTTP][39m [37m-->[39m [37mPOST[39m [37m/wd/hub/session/ad6687eb-b17c-48b7-b0e2-b0d932894924/elements[39m
[35m[HTTP][39m [90m{"using":"accessibility id","value":"My Farm"}[39m
[35m[HTTP][39m [37m<-- POST /wd/hub/session/ad6687eb-b17c-48b7-b0e2-b0d932894924/elements [39m[32m200[39m [90m238 ms - 139[39m
[35m[HTTP][39m [90m[39m
[35m[HTTP][39m [37m-->[39m [37mGET[39m [37m/wd/hub/session/ad6687eb-b17c-48b7-b0e2-b0d932894924/element/00000000-0000-006f-0000-002100000003/location[39m
[35m[HTTP][39m [90m{}[39m
[35m[W3C (ad6687eb)][39m Driver proxy active, passing request on via HTTP proxy
[35m[WD Proxy][39m Replacing sessionId b6da4026-d662-4c49-a4d4-0e5eb1df71d9 with ad6687eb-b17c-48b7-b0e2-b0d932894924
[35m[HTTP][39m [37m<-- GET /wd/hub/session/ad6687eb-b17c-48b7-b0e2-b0d932894924/element/00000000-0000-006f-0000-002100000003/location [39m[32m200[39m [90m75 ms - 79[39m
[35m[HTTP][39m [90m[39m
[35m[HTTP][39m [37m-->[39m [37mPOST[39m [37m/wd/hub/session/ad6687eb-b17c-48b7-b0e2-b0d932894924/element/00000000-0000-006f-0000-002100000003/click[39m
[35m[HTTP][39m [90m{"id":"00000000-0000-006f-0000-002100000003"}[39m
[35m[HTTP][39m [37m<-- POST /wd/hub/session/ad6687eb-b17c-48b7-b0e2-b0d932894924/element/00000000-0000-006f-0000-002100000003/click [39m[32m200[39m [90m1096 ms - 14[39m
[35m[HTTP][39m [90m[39m
[35m[HTTP][39m [37m-->[39m [37mGET[39m [37m/wd/hub/session/ad6687eb-b17c-48b7-b0e2-b0d932894924/source[39m
[35m[HTTP][39m [90m{}[39m
[35m[W3C (ad6687eb)][39m Driver proxy active, passing request on via HTTP proxy
[35m[WD Proxy][39m Replacing sessionId b6da4026-d662-4c49-a4d4-0e5eb1df71d9 with ad6687eb-b17c-48b7-b0e2-b0d932894924
[35m[HTTP][39m [37m<-- GET /wd/hub/session/ad6687eb-b17c-48b7-b0e2-b0d932894924/source [39m[32m200[39m [90m862 ms - 15066[39m
[35m[HTTP][39m [90m[39m
[35m[HTTP][39m [37m-->[39m [37mGET[39m [37m/wd/hub/session/ad6687eb-b17c-48b7-b0e2-b0d932894924/screenshot[39m
[35m[HTTP][39m [90m{}[39m
[35m[HTTP][39m [37m<-- GET /wd/hub/session/ad6687eb-b17c-48b7-b0e2-b0d932894924/screenshot [39m[32m200[39m [90m747 ms - 86030[39m
[35m[HTTP][39m [90m[39m
[35m[HTTP][39m [37m-->[39m [37mDELETE[39m [37m/wd/hub/session/ad6687eb-b17c-48b7-b0e2-b0d932894924[39m
[35m[HTTP][39m [90m{}[39m
[35m[Appium][39m Removing session ad6687eb-b17c-48b7-b0e2-b0d932894924 from our master session list
[35m[UiAutomator2][39m Restoring hidden api policy to the device default configuration
